Using pre-set license
Built from '2020.3/release' branch; Version is '2020.3.7f1 (dd97f2c94397) revision 14522354'; Using compiler version '192528614'; Build Type 'Release'
OS: 'Windows 10 Home; OS build 19042.1052; Version 2009; 64bit' Language: 'en' Physical Memory: 16233 MB
BatchMode: 1, IsHumanControllingUs: 0, StartBugReporterOnCrash: 0, Is64bit: 1, IsPro: 0

 COMMAND LINE ARGUMENTS:
C:\Program Files\Unity\Hub\Editor\2020.3.7f1\Editor\Unity.exe
-adb2
-batchMode
-noUpm
-name
AssetImportWorker0
-projectPath
C:/Users/mikey/Documents/Ma/Bewijzenmap/X 1/Y 4 (Expanding Space)/BO/Project-Ground-Control/GroundControll
-logFile
Logs/AssetImportWorker0.log
-srvPort
62166
Successfully changed project path to: C:/Users/mikey/Documents/Ma/Bewijzenmap/X 1/Y 4 (Expanding Space)/BO/Project-Ground-Control/GroundControll
C:/Users/mikey/Documents/Ma/Bewijzenmap/X 1/Y 4 (Expanding Space)/BO/Project-Ground-Control/GroundControll
Using Asset Import Pipeline V2.
Refreshing native plugins compatible for Editor in 75.15 ms, found 1 plugins.
Preloading 0 native plugins for Editor in 0.00 ms.
Initialize engine version: 2020.3.7f1 (dd97f2c94397)
[Subsystems] Discovering subsystems at path C:/Program Files/Unity/Hub/Editor/2020.3.7f1/Editor/Data/Resources/UnitySubsystems
[Subsystems] Discovering subsystems at path C:/Users/mikey/Documents/Ma/Bewijzenmap/X 1/Y 4 (Expanding Space)/BO/Project-Ground-Control/GroundControll/Assets
GfxDevice: creating device client; threaded=0
Direct3D:
    Version:  Direct3D 11.0 [level 11.1]
    Renderer: NVIDIA GeForce GTX 1660 Ti (ID=0x2191)
    Vendor:   
    VRAM:     5991 MB
    Driver:   27.21.14.6677
Shader 'Universal Render Pipeline/Particles/Lit': fallback shader 'Universal Render Pipeline/Particles/SimpleLit' not found
Initialize mono
Mono path[0] = 'C:/Program Files/Unity/Hub/Editor/2020.3.7f1/Editor/Data/Managed'
Mono path[1] = 'C:/Program Files/Unity/Hub/Editor/2020.3.7f1/Editor/Data/MonoBleedingEdge/lib/mono/unityjit'
Mono config path = 'C:/Program Files/Unity/Hub/Editor/2020.3.7f1/Editor/Data/MonoBleedingEdge/etc'
Using monoOptions --debugger-agent=transport=dt_socket,embedding=1,server=y,suspend=n,address=127.0.0.1:56312
Begin MonoManager ReloadAssembly
Registering precompiled unity dll's ...
Register platform support module: C:/Program Files/Unity/Hub/Editor/2020.3.7f1/Editor/Data/PlaybackEngines/WindowsStandaloneSupport/UnityEditor.WindowsStandalone.Extensions.dll
Registered in 0.002377 seconds.
Native extension for WindowsStandalone target not found
Refreshing native plugins compatible for Editor in 80.00 ms, found 1 plugins.
Preloading 0 native plugins for Editor in 0.00 ms.
Mono: successfully reloaded assembly
- Completed reload, in  1.465 seconds
Platform modules already initialized, skipping
Registering precompiled user dll's ...
Registered in 0.002227 seconds.
Begin MonoManager ReloadAssembly
Native extension for WindowsStandalone target not found
Refreshing native plugins compatible for Editor in 87.89 ms, found 1 plugins.
Preloading 0 native plugins for Editor in 0.00 ms.
Mono: successfully reloaded assembly
- Completed reload, in  1.516 seconds
Platform modules already initialized, skipping
========================================================================
Worker process is ready to serve import requests
Shader 'Universal Render Pipeline/Particles/Lit': fallback shader 'Universal Render Pipeline/Particles/SimpleLit' not found
Launched and connected shader compiler UnityShaderCompiler.exe after 0.07 seconds
Refreshing native plugins compatible for Editor in 0.64 ms, found 1 plugins.
Preloading 0 native plugins for Editor in 0.00 ms.
Unloading 3165 Unused Serialized files (Serialized files now loaded: 0)
System memory in use before: 140.9 MB.
System memory in use after: 141.0 MB.

Unloading 26 unused Assets to reduce memory usage. Loaded Objects now: 3613.
Total: 3.448100 ms (FindLiveObjects: 0.451700 ms CreateObjectMapping: 0.300700 ms MarkObjects: 2.540700 ms  DeleteObjects: 0.153800 ms)

========================================================================
Received Import Request.
  path: Assets/Scenes/Level_0_Profiles
  artifactKey: Guid(7a263e0759432304a8d942a833a64ffc) Importer(815301076,1909f56bfc062723c751e8b465ee728b)
Start importing Assets/Scenes/Level_0_Profiles using Guid(7a263e0759432304a8d942a833a64ffc) Importer(815301076,1909f56bfc062723c751e8b465ee728b)  -> (artifact id: '0e882f1a30c6ec9496b6bfc37a986171') in 0.012316 seconds
  Import took 0.018135 seconds .

========================================================================
Received Import Request.
  Time since last request: 0.000284 seconds.
  path: Assets/Scenes/Planet1.unity
  artifactKey: Guid(a15620676046db5458a4d1e49b6211cf) Importer(815301076,1909f56bfc062723c751e8b465ee728b)
Start importing Assets/Scenes/Planet1.unity using Guid(a15620676046db5458a4d1e49b6211cf) Importer(815301076,1909f56bfc062723c751e8b465ee728b)  -> (artifact id: 'a90c361e2127b63e7ff82470d552ac96') in 0.018771 seconds
  Import took 0.025022 seconds .

========================================================================
Received Import Request.
  Time since last request: 15.277891 seconds.
  path: Assets/Materials/Materials/Under Ground.mat
  artifactKey: Guid(497c07ddeeab8664eb630c81e84afeea) Importer(815301076,1909f56bfc062723c751e8b465ee728b)
Start importing Assets/Materials/Materials/Under Ground.mat using Guid(497c07ddeeab8664eb630c81e84afeea) Importer(815301076,1909f56bfc062723c751e8b465ee728b)  -> (artifact id: '4bf1c984be1897a4f68f72f6f91ecae4') in 0.326046 seconds
  Import took 0.333719 seconds .

========================================================================
Received Import Request.
  Time since last request: 9.534651 seconds.
  path: Assets/Materials/Materials/Sand Ground Tiles.png
  artifactKey: Guid(6fedb5a6241fac74699490e49d7378cb) Importer(815301076,1909f56bfc062723c751e8b465ee728b)
Start importing Assets/Materials/Materials/Sand Ground Tiles.png using Guid(6fedb5a6241fac74699490e49d7378cb) Importer(815301076,1909f56bfc062723c751e8b465ee728b)  -> (artifact id: '47336fc6b28a9ca27802c501c9882842') in 0.090443 seconds
  Import took 0.096764 seconds .

========================================================================
Received Import Request.
  Time since last request: 29.813992 seconds.
  path: Assets/Materials/Materials/Sand Ground Tiles.png
  artifactKey: Guid(6fedb5a6241fac74699490e49d7378cb) Importer(815301076,1909f56bfc062723c751e8b465ee728b)
Start importing Assets/Materials/Materials/Sand Ground Tiles.png using Guid(6fedb5a6241fac74699490e49d7378cb) Importer(815301076,1909f56bfc062723c751e8b465ee728b)  -> (artifact id: '953c990d5c6500c76cc9d2aa8c90d32a') in 0.028766 seconds
  Import took 0.039170 seconds .

========================================================================
Received Import Request.
  Time since last request: 0.006396 seconds.
  path: Assets/Materials/Materials/Sand Ground Tiles.png
  artifactKey: Guid(6fedb5a6241fac74699490e49d7378cb) Importer(815301076,1909f56bfc062723c751e8b465ee728b)
Start importing Assets/Materials/Materials/Sand Ground Tiles.png using Guid(6fedb5a6241fac74699490e49d7378cb) Importer(815301076,1909f56bfc062723c751e8b465ee728b)  -> (artifact id: '953c990d5c6500c76cc9d2aa8c90d32a') in 0.029061 seconds
  Import took 0.038229 seconds .

========================================================================
Received Import Request.
  Time since last request: 100.153528 seconds.
  path: Assets/Materials/Materials/Sand Ground Tiles.png
  artifactKey: Guid(6fedb5a6241fac74699490e49d7378cb) Importer(815301076,1909f56bfc062723c751e8b465ee728b)
Start importing Assets/Materials/Materials/Sand Ground Tiles.png using Guid(6fedb5a6241fac74699490e49d7378cb) Importer(815301076,1909f56bfc062723c751e8b465ee728b)  -> (artifact id: '827676e1f852bc05c709c9557a4a4371') in 0.015579 seconds
  Import took 0.024917 seconds .

========================================================================
Received Import Request.
  Time since last request: 0.004135 seconds.
  path: Assets/Materials/Materials/Sand Ground Tiles.png
  artifactKey: Guid(6fedb5a6241fac74699490e49d7378cb) Importer(815301076,1909f56bfc062723c751e8b465ee728b)
Start importing Assets/Materials/Materials/Sand Ground Tiles.png using Guid(6fedb5a6241fac74699490e49d7378cb) Importer(815301076,1909f56bfc062723c751e8b465ee728b)  -> (artifact id: '827676e1f852bc05c709c9557a4a4371') in 0.017226 seconds
  Import took 0.024751 seconds .

========================================================================
Received Import Request.
  Time since last request: 344.658436 seconds.
  path: Assets/Materials/Materials/Sand Ground Tiles.png
  artifactKey: Guid(6fedb5a6241fac74699490e49d7378cb) Importer(815301076,1909f56bfc062723c751e8b465ee728b)
Start importing Assets/Materials/Materials/Sand Ground Tiles.png using Guid(6fedb5a6241fac74699490e49d7378cb) Importer(815301076,1909f56bfc062723c751e8b465ee728b)  -> (artifact id: 'ea8cb06c91e3198191cdf215976ef92b') in 0.019591 seconds
  Import took 0.029084 seconds .

========================================================================
Received Import Request.
  Time since last request: 50.316521 seconds.
  path: Assets/Materials/Materials/Ground with floor.png
  artifactKey: Guid(fad689da0b5e4a848b8e574bedc4ad1c) Importer(815301076,1909f56bfc062723c751e8b465ee728b)
Start importing Assets/Materials/Materials/Ground with floor.png using Guid(fad689da0b5e4a848b8e574bedc4ad1c) Importer(815301076,1909f56bfc062723c751e8b465ee728b)  -> (artifact id: 'd14a485e86a0451dec5de173c6481418') in 0.039357 seconds
  Import took 0.057067 seconds .

========================================================================
Received Import Request.
  Time since last request: 38.278461 seconds.
  path: Assets/Materials/Materials/Ground with floor.png
  artifactKey: Guid(fad689da0b5e4a848b8e574bedc4ad1c) Importer(815301076,1909f56bfc062723c751e8b465ee728b)
Start importing Assets/Materials/Materials/Ground with floor.png using Guid(fad689da0b5e4a848b8e574bedc4ad1c) Importer(815301076,1909f56bfc062723c751e8b465ee728b)  -> (artifact id: '8d66c9a34390faa6293effcbfa17c3bc') in 0.016599 seconds
  Import took 0.022922 seconds .

========================================================================
Received Prepare
Registering precompiled user dll's ...
Registered in 0.002049 seconds.
Begin MonoManager ReloadAssembly
Native extension for WindowsStandalone target not found
Refreshing native plugins compatible for Editor in 0.62 ms, found 1 plugins.
Preloading 0 native plugins for Editor in 0.00 ms.
Mono: successfully reloaded assembly
- Completed reload, in  1.338 seconds
Platform modules already initialized, skipping
Shader 'Universal Render Pipeline/Particles/Lit': fallback shader 'Universal Render Pipeline/Particles/SimpleLit' not found
Refreshing native plugins compatible for Editor in 0.64 ms, found 1 plugins.
Preloading 0 native plugins for Editor in 0.00 ms.
Unloading 3041 Unused Serialized files (Serialized files now loaded: 0)
System memory in use before: 137.9 MB.
System memory in use after: 138.0 MB.

Unloading 14 unused Assets to reduce memory usage. Loaded Objects now: 3697.
Total: 3.234700 ms (FindLiveObjects: 0.354400 ms CreateObjectMapping: 0.193200 ms MarkObjects: 2.561000 ms  DeleteObjects: 0.125000 ms)

========================================================================
Received Prepare
Registering precompiled user dll's ...
Registered in 0.002057 seconds.
Begin MonoManager ReloadAssembly
Native extension for WindowsStandalone target not found
Refreshing native plugins compatible for Editor in 0.58 ms, found 1 plugins.
Preloading 0 native plugins for Editor in 0.00 ms.
Mono: successfully reloaded assembly
- Completed reload, in  1.276 seconds
Platform modules already initialized, skipping
Shader 'Universal Render Pipeline/Particles/Lit': fallback shader 'Universal Render Pipeline/Particles/SimpleLit' not found
Refreshing native plugins compatible for Editor in 0.64 ms, found 1 plugins.
Preloading 0 native plugins for Editor in 0.00 ms.
Unloading 3041 Unused Serialized files (Serialized files now loaded: 0)
System memory in use before: 138.0 MB.
System memory in use after: 138.1 MB.

Unloading 14 unused Assets to reduce memory usage. Loaded Objects now: 3701.
Total: 4.862800 ms (FindLiveObjects: 0.605700 ms CreateObjectMapping: 0.350800 ms MarkObjects: 3.748300 ms  DeleteObjects: 0.155900 ms)

========================================================================
Received Prepare
Registering precompiled user dll's ...
Registered in 0.002444 seconds.
Begin MonoManager ReloadAssembly
Native extension for WindowsStandalone target not found
Refreshing native plugins compatible for Editor in 0.57 ms, found 1 plugins.
Preloading 0 native plugins for Editor in 0.00 ms.
Mono: successfully reloaded assembly
- Completed reload, in  1.262 seconds
Platform modules already initialized, skipping
Shader 'Universal Render Pipeline/Particles/Lit': fallback shader 'Universal Render Pipeline/Particles/SimpleLit' not found
Refreshing native plugins compatible for Editor in 0.70 ms, found 1 plugins.
Preloading 0 native plugins for Editor in 0.00 ms.
Unloading 3041 Unused Serialized files (Serialized files now loaded: 0)
System memory in use before: 138.0 MB.
System memory in use after: 138.1 MB.

Unloading 14 unused Assets to reduce memory usage. Loaded Objects now: 3705.
Total: 3.674500 ms (FindLiveObjects: 0.526400 ms CreateObjectMapping: 0.254400 ms MarkObjects: 2.756600 ms  DeleteObjects: 0.135600 ms)

========================================================================
Received Prepare
Registering precompiled user dll's ...
Registered in 0.004798 seconds.
Begin MonoManager ReloadAssembly
Native extension for WindowsStandalone target not found
Refreshing native plugins compatible for Editor in 0.58 ms, found 1 plugins.
Preloading 0 native plugins for Editor in 0.00 ms.
Mono: successfully reloaded assembly
- Completed reload, in  1.285 seconds
Platform modules already initialized, skipping
Shader 'Universal Render Pipeline/Particles/Lit': fallback shader 'Universal Render Pipeline/Particles/SimpleLit' not found
Refreshing native plugins compatible for Editor in 0.58 ms, found 1 plugins.
Preloading 0 native plugins for Editor in 0.00 ms.
Unloading 3041 Unused Serialized files (Serialized files now loaded: 0)
System memory in use before: 138.0 MB.
System memory in use after: 138.1 MB.

Unloading 14 unused Assets to reduce memory usage. Loaded Objects now: 3709.
Total: 4.626700 ms (FindLiveObjects: 0.352400 ms CreateObjectMapping: 0.196300 ms MarkObjects: 3.895500 ms  DeleteObjects: 0.181400 ms)

========================================================================
Received Prepare
Registering precompiled user dll's ...
Registered in 0.002184 seconds.
Begin MonoManager ReloadAssembly
Native extension for WindowsStandalone target not found
Refreshing native plugins compatible for Editor in 0.58 ms, found 1 plugins.
Preloading 0 native plugins for Editor in 0.00 ms.
Mono: successfully reloaded assembly
- Completed reload, in  1.332 seconds
Platform modules already initialized, skipping
Shader 'Universal Render Pipeline/Particles/Lit': fallback shader 'Universal Render Pipeline/Particles/SimpleLit' not found
Refreshing native plugins compatible for Editor in 0.67 ms, found 1 plugins.
Preloading 0 native plugins for Editor in 0.00 ms.
Unloading 3041 Unused Serialized files (Serialized files now loaded: 0)
System memory in use before: 138.1 MB.
System memory in use after: 138.2 MB.

Unloading 14 unused Assets to reduce memory usage. Loaded Objects now: 3713.
Total: 4.726800 ms (FindLiveObjects: 0.700600 ms CreateObjectMapping: 0.264600 ms MarkObjects: 3.606000 ms  DeleteObjects: 0.153800 ms)

========================================================================
Received Prepare
Registering precompiled user dll's ...
Registered in 0.002161 seconds.
Begin MonoManager ReloadAssembly
Native extension for WindowsStandalone target not found
Refreshing native plugins compatible for Editor in 0.59 ms, found 1 plugins.
Preloading 0 native plugins for Editor in 0.00 ms.
Mono: successfully reloaded assembly
- Completed reload, in  1.276 seconds
Platform modules already initialized, skipping
Shader 'Universal Render Pipeline/Particles/Lit': fallback shader 'Universal Render Pipeline/Particles/SimpleLit' not found
Refreshing native plugins compatible for Editor in 0.76 ms, found 1 plugins.
Preloading 0 native plugins for Editor in 0.00 ms.
Unloading 3041 Unused Serialized files (Serialized files now loaded: 0)
System memory in use before: 138.1 MB.
System memory in use after: 138.2 MB.

Unloading 14 unused Assets to reduce memory usage. Loaded Objects now: 3717.
Total: 4.617100 ms (FindLiveObjects: 0.643000 ms CreateObjectMapping: 0.319900 ms MarkObjects: 3.503100 ms  DeleteObjects: 0.148900 ms)

========================================================================
Received Import Request.
  Time since last request: 350.918491 seconds.
  path: Assets/Materials/Materials/Ground with floor.png
  artifactKey: Guid(fad689da0b5e4a848b8e574bedc4ad1c) Importer(815301076,1909f56bfc062723c751e8b465ee728b)
Start importing Assets/Materials/Materials/Ground with floor.png using Guid(fad689da0b5e4a848b8e574bedc4ad1c) Importer(815301076,1909f56bfc062723c751e8b465ee728b)  -> (artifact id: 'e0772fbe42fedee685c96a3fe5d03f20') in 0.066218 seconds
  Import took 0.072261 seconds .

========================================================================
Received Prepare
Registering precompiled user dll's ...
Registered in 0.004056 seconds.
Begin MonoManager ReloadAssembly
Native extension for WindowsStandalone target not found
Refreshing native plugins compatible for Editor in 0.62 ms, found 1 plugins.
Preloading 0 native plugins for Editor in 0.00 ms.
Mono: successfully reloaded assembly
- Completed reload, in  1.327 seconds
Platform modules already initialized, skipping
Shader 'Universal Render Pipeline/Particles/Lit': fallback shader 'Universal Render Pipeline/Particles/SimpleLit' not found
Refreshing native plugins compatible for Editor in 0.72 ms, found 1 plugins.
Preloading 0 native plugins for Editor in 0.00 ms.
Unloading 3041 Unused Serialized files (Serialized files now loaded: 0)
System memory in use before: 138.1 MB.
System memory in use after: 138.2 MB.

Unloading 14 unused Assets to reduce memory usage. Loaded Objects now: 3722.
Total: 3.501400 ms (FindLiveObjects: 0.358400 ms CreateObjectMapping: 0.197700 ms MarkObjects: 2.809300 ms  DeleteObjects: 0.134900 ms)

========================================================================
Received Import Request.
  Time since last request: 67.248510 seconds.
  path: Assets/Materials/Materials/New Material.mat
  artifactKey: Guid(a7bfada8d3e3a1143a66e46b4d4c707a) Importer(815301076,1909f56bfc062723c751e8b465ee728b)
Start importing Assets/Materials/Materials/New Material.mat using Guid(a7bfada8d3e3a1143a66e46b4d4c707a) Importer(815301076,1909f56bfc062723c751e8b465ee728b)  -> (artifact id: 'f917dd444db5b7cecd083ec4eb2dca94') in 0.202726 seconds
  Import took 0.209010 seconds .

========================================================================
Received Prepare
Registering precompiled user dll's ...
Registered in 0.002962 seconds.
Begin MonoManager ReloadAssembly
Native extension for WindowsStandalone target not found
Refreshing native plugins compatible for Editor in 0.59 ms, found 1 plugins.
Preloading 0 native plugins for Editor in 0.00 ms.
Mono: successfully reloaded assembly
- Completed reload, in  1.317 seconds
Platform modules already initialized, skipping
Shader 'Universal Render Pipeline/Particles/Lit': fallback shader 'Universal Render Pipeline/Particles/SimpleLit' not found
Refreshing native plugins compatible for Editor in 1.52 ms, found 1 plugins.
Preloading 0 native plugins for Editor in 0.00 ms.
Unloading 3041 Unused Serialized files (Serialized files now loaded: 0)
System memory in use before: 138.2 MB.
System memory in use after: 138.3 MB.

Unloading 14 unused Assets to reduce memory usage. Loaded Objects now: 3762.
Total: 3.705100 ms (FindLiveObjects: 0.426700 ms CreateObjectMapping: 0.233200 ms MarkObjects: 2.889200 ms  DeleteObjects: 0.154900 ms)

AssetImportWorkerClient::OnTransportError - code=2 error=End of file
