Using pre-set license
Built from '2020.3/release' branch; Version is '2020.3.7f1 (dd97f2c94397) revision 14522354'; Using compiler version '192528614'; Build Type 'Release'
OS: 'Windows 10 Home; OS build 19042.985; Version 2009; 64bit' Language: 'en' Physical Memory: 16233 MB
BatchMode: 1, IsHumanControllingUs: 0, StartBugReporterOnCrash: 0, Is64bit: 1, IsPro: 0

 COMMAND LINE ARGUMENTS:
C:\Program Files\Unity\Hub\Editor\2020.3.7f1\Editor\Unity.exe
-adb2
-batchMode
-noUpm
-name
AssetImportWorker1
-projectPath
C:/Users/mikey/Documents/Ma/Bewijzenmap/X 1/Y 4 (Expanding Space)/BO/Project-Ground-Control/GroundControll
-logFile
Logs/AssetImportWorker1.log
-srvPort
64657
Successfully changed project path to: C:/Users/mikey/Documents/Ma/Bewijzenmap/X 1/Y 4 (Expanding Space)/BO/Project-Ground-Control/GroundControll
C:/Users/mikey/Documents/Ma/Bewijzenmap/X 1/Y 4 (Expanding Space)/BO/Project-Ground-Control/GroundControll
Using Asset Import Pipeline V2.
Refreshing native plugins compatible for Editor in 109.92 ms, found 1 plugins.
Preloading 0 native plugins for Editor in 0.00 ms.
Initialize engine version: 2020.3.7f1 (dd97f2c94397)
[Subsystems] Discovering subsystems at path C:/Program Files/Unity/Hub/Editor/2020.3.7f1/Editor/Data/Resources/UnitySubsystems
[Subsystems] Discovering subsystems at path C:/Users/mikey/Documents/Ma/Bewijzenmap/X 1/Y 4 (Expanding Space)/BO/Project-Ground-Control/GroundControll/Assets
GfxDevice: creating device client; threaded=0
Direct3D:
    Version:  Direct3D 11.0 [level 11.1]
    Renderer: NVIDIA GeForce GTX 1660 Ti (ID=0x2191)
    Vendor:   
    VRAM:     5991 MB
    Driver:   27.21.14.6627
Shader 'Universal Render Pipeline/Particles/Lit': fallback shader 'Universal Render Pipeline/Particles/SimpleLit' not found
Initialize mono
Mono path[0] = 'C:/Program Files/Unity/Hub/Editor/2020.3.7f1/Editor/Data/Managed'
Mono path[1] = 'C:/Program Files/Unity/Hub/Editor/2020.3.7f1/Editor/Data/MonoBleedingEdge/lib/mono/unityjit'
Mono config path = 'C:/Program Files/Unity/Hub/Editor/2020.3.7f1/Editor/Data/MonoBleedingEdge/etc'
Using monoOptions --debugger-agent=transport=dt_socket,embedding=1,server=y,suspend=n,address=127.0.0.1:56108
Begin MonoManager ReloadAssembly
Registering precompiled unity dll's ...
Register platform support module: C:/Program Files/Unity/Hub/Editor/2020.3.7f1/Editor/Data/PlaybackEngines/WindowsStandaloneSupport/UnityEditor.WindowsStandalone.Extensions.dll
Registered in 0.005041 seconds.
Native extension for WindowsStandalone target not found
Refreshing native plugins compatible for Editor in 104.24 ms, found 1 plugins.
Preloading 0 native plugins for Editor in 0.00 ms.
Mono: successfully reloaded assembly
- Completed reload, in  2.076 seconds
Platform modules already initialized, skipping
Registering precompiled user dll's ...
Registered in 0.002999 seconds.
Begin MonoManager ReloadAssembly
Native extension for WindowsStandalone target not found
Refreshing native plugins compatible for Editor in 103.70 ms, found 1 plugins.
Preloading 0 native plugins for Editor in 0.00 ms.
Mono: successfully reloaded assembly
- Completed reload, in  2.041 seconds
Platform modules already initialized, skipping
========================================================================
Worker process is ready to serve import requests
Shader 'Universal Render Pipeline/Particles/Lit': fallback shader 'Universal Render Pipeline/Particles/SimpleLit' not found
Launched and connected shader compiler UnityShaderCompiler.exe after 0.15 seconds
Refreshing native plugins compatible for Editor in 1.50 ms, found 1 plugins.
Preloading 0 native plugins for Editor in 0.00 ms.
Unloading 3163 Unused Serialized files (Serialized files now loaded: 0)
System memory in use before: 140.9 MB.
System memory in use after: 140.9 MB.

Unloading 26 unused Assets to reduce memory usage. Loaded Objects now: 3611.
Total: 5.895100 ms (FindLiveObjects: 0.393300 ms CreateObjectMapping: 0.224000 ms MarkObjects: 4.986600 ms  DeleteObjects: 0.289000 ms)

========================================================================
Received Import Request.
  path: Assets/Animators/Fade in.anim
  artifactKey: Guid(710958aec20cd3640a645083398f6fe8) Importer(815301076,1909f56bfc062723c751e8b465ee728b)
Start importing Assets/Animators/Fade in.anim using Guid(710958aec20cd3640a645083398f6fe8) Importer(815301076,1909f56bfc062723c751e8b465ee728b)  -> (artifact id: 'fe15e009cdf1e090e2e59e7c2283c8fa') in 0.078992 seconds
  Import took 0.086943 seconds .

========================================================================
Received Import Request.
  Time since last request: 0.000405 seconds.
  path: Assets/Animators/Panel.controller
  artifactKey: Guid(805eac4cb23b51d41ae27a83ee5b8d37) Importer(815301076,1909f56bfc062723c751e8b465ee728b)
Start importing Assets/Animators/Panel.controller using Guid(805eac4cb23b51d41ae27a83ee5b8d37) Importer(815301076,1909f56bfc062723c751e8b465ee728b)  -> (artifact id: '20ca19866477cc15317a416ba80042da') in 0.023765 seconds
  Import took 0.032474 seconds .

========================================================================
Received Prepare
Shader 'Universal Render Pipeline/Particles/Lit': fallback shader 'Universal Render Pipeline/Particles/SimpleLit' not found
Refreshing native plugins compatible for Editor in 5.53 ms, found 1 plugins.
Preloading 0 native plugins for Editor in 0.00 ms.
Unloading 11 Unused Serialized files (Serialized files now loaded: 0)
System memory in use before: 71.4 MB.
System memory in use after: 71.4 MB.

Unloading 11 unused Assets to reduce memory usage. Loaded Objects now: 3611.
Total: 5.638400 ms (FindLiveObjects: 0.474300 ms CreateObjectMapping: 0.284500 ms MarkObjects: 4.675200 ms  DeleteObjects: 0.202400 ms)

========================================================================
Received Prepare
Registering precompiled user dll's ...
Registered in 0.002913 seconds.
Begin MonoManager ReloadAssembly
Native extension for WindowsStandalone target not found
Refreshing native plugins compatible for Editor in 2.33 ms, found 1 plugins.
Preloading 0 native plugins for Editor in 0.00 ms.
Mono: successfully reloaded assembly
- Completed reload, in  2.237 seconds
Platform modules already initialized, skipping
Shader 'Universal Render Pipeline/Particles/Lit': fallback shader 'Universal Render Pipeline/Particles/SimpleLit' not found
Refreshing native plugins compatible for Editor in 0.99 ms, found 1 plugins.
Preloading 0 native plugins for Editor in 0.00 ms.
Unloading 3039 Unused Serialized files (Serialized files now loaded: 0)
System memory in use before: 132.5 MB.
System memory in use after: 132.6 MB.

Unloading 14 unused Assets to reduce memory usage. Loaded Objects now: 3615.
Total: 5.789200 ms (FindLiveObjects: 0.850500 ms CreateObjectMapping: 0.395200 ms MarkObjects: 4.364000 ms  DeleteObjects: 0.177600 ms)

========================================================================
Received Import Request.
  Time since last request: 56.027626 seconds.
  path: Assets/Animators/Main Camera.controller
  artifactKey: Guid(b8ec3b03e29f63c4b8f1006ebf6b5b19) Importer(815301076,1909f56bfc062723c751e8b465ee728b)
Start importing Assets/Animators/Main Camera.controller using Guid(b8ec3b03e29f63c4b8f1006ebf6b5b19) Importer(815301076,1909f56bfc062723c751e8b465ee728b)  -> (artifact id: '62339ae13005aefecf184416b3e207da') in 0.050347 seconds
  Import took 0.060036 seconds .

========================================================================
Received Import Request.
  Time since last request: 0.436547 seconds.
  path: Assets/Animators/PlayerShip.anim
  artifactKey: Guid(7544b81ce07b9704abdc0237d1fa5d96) Importer(815301076,1909f56bfc062723c751e8b465ee728b)
Start importing Assets/Animators/PlayerShip.anim using Guid(7544b81ce07b9704abdc0237d1fa5d96) Importer(815301076,1909f56bfc062723c751e8b465ee728b)  -> (artifact id: '316ce4e839103b63a83473dde128853b') in 0.028242 seconds
  Import took 0.037119 seconds .

========================================================================
Received Prepare
Registering precompiled user dll's ...
Registered in 0.003693 seconds.
Begin MonoManager ReloadAssembly
Native extension for WindowsStandalone target not found
Refreshing native plugins compatible for Editor in 1.34 ms, found 1 plugins.
Preloading 0 native plugins for Editor in 0.00 ms.
Mono: successfully reloaded assembly
- Completed reload, in  2.218 seconds
Platform modules already initialized, skipping
Shader 'Universal Render Pipeline/Particles/Lit': fallback shader 'Universal Render Pipeline/Particles/SimpleLit' not found
Refreshing native plugins compatible for Editor in 3.07 ms, found 1 plugins.
Preloading 0 native plugins for Editor in 0.00 ms.
Unloading 3039 Unused Serialized files (Serialized files now loaded: 0)
System memory in use before: 132.6 MB.
System memory in use after: 132.7 MB.

Unloading 14 unused Assets to reduce memory usage. Loaded Objects now: 3619.
Total: 14.727200 ms (FindLiveObjects: 2.554100 ms CreateObjectMapping: 1.509900 ms MarkObjects: 10.433300 ms  DeleteObjects: 0.226100 ms)

========================================================================
Received Prepare
Registering precompiled user dll's ...
Registered in 0.003031 seconds.
Begin MonoManager ReloadAssembly
Native extension for WindowsStandalone target not found
Refreshing native plugins compatible for Editor in 0.78 ms, found 1 plugins.
Preloading 0 native plugins for Editor in 0.00 ms.
Mono: successfully reloaded assembly
- Completed reload, in  1.818 seconds
Platform modules already initialized, skipping
Shader 'Universal Render Pipeline/Particles/Lit': fallback shader 'Universal Render Pipeline/Particles/SimpleLit' not found
Refreshing native plugins compatible for Editor in 0.76 ms, found 1 plugins.
Preloading 0 native plugins for Editor in 0.00 ms.
Unloading 3039 Unused Serialized files (Serialized files now loaded: 0)
System memory in use before: 132.6 MB.
System memory in use after: 132.7 MB.

Unloading 14 unused Assets to reduce memory usage. Loaded Objects now: 3623.
Total: 6.999800 ms (FindLiveObjects: 1.382300 ms CreateObjectMapping: 0.515400 ms MarkObjects: 4.891000 ms  DeleteObjects: 0.201100 ms)

========================================================================
Received Prepare
Registering precompiled user dll's ...
Registered in 0.002945 seconds.
Begin MonoManager ReloadAssembly
Native extension for WindowsStandalone target not found
Refreshing native plugins compatible for Editor in 2.10 ms, found 1 plugins.
Preloading 0 native plugins for Editor in 0.00 ms.
Mono: successfully reloaded assembly
- Completed reload, in  2.208 seconds
Platform modules already initialized, skipping
Shader 'Universal Render Pipeline/Particles/Lit': fallback shader 'Universal Render Pipeline/Particles/SimpleLit' not found
Refreshing native plugins compatible for Editor in 1.43 ms, found 1 plugins.
Preloading 0 native plugins for Editor in 0.00 ms.
Unloading 3039 Unused Serialized files (Serialized files now loaded: 0)
System memory in use before: 132.6 MB.
System memory in use after: 132.7 MB.

Unloading 14 unused Assets to reduce memory usage. Loaded Objects now: 3627.
Total: 4.195500 ms (FindLiveObjects: 0.411600 ms CreateObjectMapping: 0.306500 ms MarkObjects: 3.316100 ms  DeleteObjects: 0.159600 ms)

========================================================================
Received Prepare
Registering precompiled user dll's ...
Registered in 0.003261 seconds.
Begin MonoManager ReloadAssembly
Native extension for WindowsStandalone target not found
Refreshing native plugins compatible for Editor in 0.81 ms, found 1 plugins.
Preloading 0 native plugins for Editor in 0.00 ms.
Mono: successfully reloaded assembly
- Completed reload, in  1.859 seconds
Platform modules already initialized, skipping
Shader 'Universal Render Pipeline/Particles/Lit': fallback shader 'Universal Render Pipeline/Particles/SimpleLit' not found
Refreshing native plugins compatible for Editor in 0.70 ms, found 1 plugins.
Preloading 0 native plugins for Editor in 0.00 ms.
Unloading 3039 Unused Serialized files (Serialized files now loaded: 0)
System memory in use before: 132.7 MB.
System memory in use after: 132.8 MB.

Unloading 14 unused Assets to reduce memory usage. Loaded Objects now: 3631.
Total: 8.174500 ms (FindLiveObjects: 0.446100 ms CreateObjectMapping: 0.234700 ms MarkObjects: 7.261700 ms  DeleteObjects: 0.229800 ms)

========================================================================
Received Import Request.
  Time since last request: 281.313632 seconds.
  path: Assets/Sounds/Explosion.wav
  artifactKey: Guid(f952bd301ce5a2e4182a20ccfb74ee2e) Importer(815301076,1909f56bfc062723c751e8b465ee728b)
Start importing Assets/Sounds/Explosion.wav using Guid(f952bd301ce5a2e4182a20ccfb74ee2e) Importer(815301076,1909f56bfc062723c751e8b465ee728b)  -> (artifact id: '2e51c380ad61cc35b789e20e6f66c3bc') in 0.262044 seconds
  Import took 0.274284 seconds .

========================================================================
Received Import Request.
  Time since last request: 0.000371 seconds.
  path: Assets/Sounds/Shoot.wav
  artifactKey: Guid(6543e80a44ff24f429be3c41bd313834) Importer(815301076,1909f56bfc062723c751e8b465ee728b)
Start importing Assets/Sounds/Shoot.wav using Guid(6543e80a44ff24f429be3c41bd313834) Importer(815301076,1909f56bfc062723c751e8b465ee728b)  -> (artifact id: 'ac353f284fc5845a5ab76dc44178794c') in 0.053336 seconds
  Import took 0.068286 seconds .

========================================================================
Received Import Request.
  Time since last request: 2.586253 seconds.
  path: Assets/Pipeline/New 2D Renderer Data.asset
  artifactKey: Guid(23d2e5d52a912e54c8dc1e9fc7e59c64) Importer(815301076,1909f56bfc062723c751e8b465ee728b)
Start importing Assets/Pipeline/New 2D Renderer Data.asset using Guid(23d2e5d52a912e54c8dc1e9fc7e59c64) Importer(815301076,1909f56bfc062723c751e8b465ee728b)  -> (artifact id: '48fa9958fcd4f06bd78a4977b2399900') in 0.029983 seconds
  Import took 0.041707 seconds .

========================================================================
Received Import Request.
  Time since last request: 0.000360 seconds.
  path: Assets/Pipeline/UniversalRenderPipelineAsset.asset
  artifactKey: Guid(53f64f2ce5d4bf34b82bad1b04abc837) Importer(815301076,1909f56bfc062723c751e8b465ee728b)
Start importing Assets/Pipeline/UniversalRenderPipelineAsset.asset using Guid(53f64f2ce5d4bf34b82bad1b04abc837) Importer(815301076,1909f56bfc062723c751e8b465ee728b)  -> (artifact id: '0dd3dc0be4016982cd191259cf2fa265') in 0.022788 seconds
  Import took 0.037051 seconds .

========================================================================
Received Import Request.
  Time since last request: 0.000465 seconds.
  path: Assets/Pipeline/UniversalRenderPipelineAsset_Renderer.asset
  artifactKey: Guid(98679713f1db02e4d9eafb303be665b1) Importer(815301076,1909f56bfc062723c751e8b465ee728b)
Start importing Assets/Pipeline/UniversalRenderPipelineAsset_Renderer.asset using Guid(98679713f1db02e4d9eafb303be665b1) Importer(815301076,1909f56bfc062723c751e8b465ee728b)  -> (artifact id: 'd95e2cadf9ba7b65b12922956755d882') in 0.021947 seconds
  Import took 0.039554 seconds .

========================================================================
Received Prepare
Registering precompiled user dll's ...
Registered in 0.004019 seconds.
Begin MonoManager ReloadAssembly
Native extension for WindowsStandalone target not found
Refreshing native plugins compatible for Editor in 1.09 ms, found 1 plugins.
Preloading 0 native plugins for Editor in 0.00 ms.
Mono: successfully reloaded assembly
- Completed reload, in  2.555 seconds
Platform modules already initialized, skipping
Shader 'Universal Render Pipeline/Particles/Lit': fallback shader 'Universal Render Pipeline/Particles/SimpleLit' not found
Refreshing native plugins compatible for Editor in 1.54 ms, found 1 plugins.
Preloading 0 native plugins for Editor in 0.00 ms.
Unloading 3041 Unused Serialized files (Serialized files now loaded: 0)
System memory in use before: 135.7 MB.
System memory in use after: 135.8 MB.

Unloading 14 unused Assets to reduce memory usage. Loaded Objects now: 3646.
Total: 8.409400 ms (FindLiveObjects: 0.770500 ms CreateObjectMapping: 0.628400 ms MarkObjects: 6.716500 ms  DeleteObjects: 0.291500 ms)

========================================================================
Received Prepare
Registering precompiled user dll's ...
Registered in 0.003259 seconds.
Begin MonoManager ReloadAssembly
Native extension for WindowsStandalone target not found
Refreshing native plugins compatible for Editor in 1.09 ms, found 1 plugins.
Preloading 0 native plugins for Editor in 0.00 ms.
Mono: successfully reloaded assembly
- Completed reload, in  2.716 seconds
Platform modules already initialized, skipping
Shader 'Universal Render Pipeline/Particles/Lit': fallback shader 'Universal Render Pipeline/Particles/SimpleLit' not found
Refreshing native plugins compatible for Editor in 1.20 ms, found 1 plugins.
Preloading 0 native plugins for Editor in 0.00 ms.
Unloading 3039 Unused Serialized files (Serialized files now loaded: 0)
System memory in use before: 135.7 MB.
System memory in use after: 135.8 MB.

Unloading 14 unused Assets to reduce memory usage. Loaded Objects now: 3650.
Total: 4.451600 ms (FindLiveObjects: 0.603400 ms CreateObjectMapping: 0.277700 ms MarkObjects: 3.390700 ms  DeleteObjects: 0.177800 ms)

========================================================================
Received Prepare
Registering precompiled user dll's ...
Registered in 0.002885 seconds.
Begin MonoManager ReloadAssembly
Native extension for WindowsStandalone target not found
Refreshing native plugins compatible for Editor in 1.05 ms, found 1 plugins.
Preloading 0 native plugins for Editor in 0.00 ms.
Mono: successfully reloaded assembly
- Completed reload, in  1.853 seconds
Platform modules already initialized, skipping
Shader 'Universal Render Pipeline/Particles/Lit': fallback shader 'Universal Render Pipeline/Particles/SimpleLit' not found
Refreshing native plugins compatible for Editor in 0.75 ms, found 1 plugins.
Preloading 0 native plugins for Editor in 0.00 ms.
Unloading 3039 Unused Serialized files (Serialized files now loaded: 0)
System memory in use before: 135.7 MB.
System memory in use after: 135.8 MB.

Unloading 14 unused Assets to reduce memory usage. Loaded Objects now: 3654.
Total: 5.968700 ms (FindLiveObjects: 0.866800 ms CreateObjectMapping: 0.391800 ms MarkObjects: 4.409600 ms  DeleteObjects: 0.298300 ms)

========================================================================
Received Prepare
Registering precompiled user dll's ...
Registered in 0.002581 seconds.
Begin MonoManager ReloadAssembly
Native extension for WindowsStandalone target not found
Refreshing native plugins compatible for Editor in 0.83 ms, found 1 plugins.
Preloading 0 native plugins for Editor in 0.00 ms.
Mono: successfully reloaded assembly
- Completed reload, in  2.200 seconds
Platform modules already initialized, skipping
Shader 'Universal Render Pipeline/Particles/Lit': fallback shader 'Universal Render Pipeline/Particles/SimpleLit' not found
Refreshing native plugins compatible for Editor in 1.56 ms, found 1 plugins.
Preloading 0 native plugins for Editor in 0.00 ms.
Unloading 3039 Unused Serialized files (Serialized files now loaded: 0)
System memory in use before: 135.7 MB.
System memory in use after: 135.8 MB.

Unloading 14 unused Assets to reduce memory usage. Loaded Objects now: 3658.
Total: 6.703500 ms (FindLiveObjects: 0.545300 ms CreateObjectMapping: 0.297000 ms MarkObjects: 5.631500 ms  DeleteObjects: 0.224800 ms)

========================================================================
Received Prepare
Registering precompiled user dll's ...
Registered in 0.002469 seconds.
Begin MonoManager ReloadAssembly
Native extension for WindowsStandalone target not found
Refreshing native plugins compatible for Editor in 1.43 ms, found 1 plugins.
Preloading 0 native plugins for Editor in 0.00 ms.
Mono: successfully reloaded assembly
- Completed reload, in  2.446 seconds
Platform modules already initialized, skipping
Shader 'Universal Render Pipeline/Particles/Lit': fallback shader 'Universal Render Pipeline/Particles/SimpleLit' not found
Refreshing native plugins compatible for Editor in 0.91 ms, found 1 plugins.
Preloading 0 native plugins for Editor in 0.00 ms.
Unloading 3039 Unused Serialized files (Serialized files now loaded: 0)
System memory in use before: 135.7 MB.
System memory in use after: 135.8 MB.

Unloading 14 unused Assets to reduce memory usage. Loaded Objects now: 3662.
Total: 5.468800 ms (FindLiveObjects: 0.504800 ms CreateObjectMapping: 0.288400 ms MarkObjects: 4.486100 ms  DeleteObjects: 0.187300 ms)

========================================================================
Received Prepare
Registering precompiled user dll's ...
Registered in 0.004084 seconds.
Begin MonoManager ReloadAssembly
Native extension for WindowsStandalone target not found
Refreshing native plugins compatible for Editor in 1.56 ms, found 1 plugins.
Preloading 0 native plugins for Editor in 0.00 ms.
Mono: successfully reloaded assembly
- Completed reload, in  2.289 seconds
Platform modules already initialized, skipping
Shader 'Universal Render Pipeline/Particles/Lit': fallback shader 'Universal Render Pipeline/Particles/SimpleLit' not found
Refreshing native plugins compatible for Editor in 1.18 ms, found 1 plugins.
Preloading 0 native plugins for Editor in 0.00 ms.
Unloading 3039 Unused Serialized files (Serialized files now loaded: 0)
System memory in use before: 135.7 MB.
System memory in use after: 135.8 MB.

Unloading 14 unused Assets to reduce memory usage. Loaded Objects now: 3666.
Total: 6.758500 ms (FindLiveObjects: 0.608800 ms CreateObjectMapping: 0.299800 ms MarkObjects: 5.211000 ms  DeleteObjects: 0.633600 ms)

========================================================================
Received Prepare
Registering precompiled user dll's ...
Registered in 0.002845 seconds.
Begin MonoManager ReloadAssembly
Native extension for WindowsStandalone target not found
Refreshing native plugins compatible for Editor in 0.81 ms, found 1 plugins.
Preloading 0 native plugins for Editor in 0.00 ms.
Mono: successfully reloaded assembly
- Completed reload, in  2.008 seconds
Platform modules already initialized, skipping
Shader 'Universal Render Pipeline/Particles/Lit': fallback shader 'Universal Render Pipeline/Particles/SimpleLit' not found
Refreshing native plugins compatible for Editor in 0.98 ms, found 1 plugins.
Preloading 0 native plugins for Editor in 0.00 ms.
Unloading 3039 Unused Serialized files (Serialized files now loaded: 0)
System memory in use before: 135.7 MB.
System memory in use after: 135.8 MB.

Unloading 14 unused Assets to reduce memory usage. Loaded Objects now: 3670.
Total: 6.036600 ms (FindLiveObjects: 0.631000 ms CreateObjectMapping: 0.400200 ms MarkObjects: 4.510900 ms  DeleteObjects: 0.491100 ms)

========================================================================
Received Prepare
Registering precompiled user dll's ...
Registered in 0.002923 seconds.
Begin MonoManager ReloadAssembly
Native extension for WindowsStandalone target not found
Refreshing native plugins compatible for Editor in 1.16 ms, found 1 plugins.
Preloading 0 native plugins for Editor in 0.00 ms.
Mono: successfully reloaded assembly
- Completed reload, in  2.100 seconds
Platform modules already initialized, skipping
Shader 'Universal Render Pipeline/Particles/Lit': fallback shader 'Universal Render Pipeline/Particles/SimpleLit' not found
Refreshing native plugins compatible for Editor in 0.87 ms, found 1 plugins.
Preloading 0 native plugins for Editor in 0.00 ms.
Unloading 3039 Unused Serialized files (Serialized files now loaded: 0)
System memory in use before: 135.7 MB.
System memory in use after: 135.8 MB.

Unloading 14 unused Assets to reduce memory usage. Loaded Objects now: 3674.
Total: 5.075700 ms (FindLiveObjects: 0.651400 ms CreateObjectMapping: 0.305900 ms MarkObjects: 3.908200 ms  DeleteObjects: 0.208100 ms)

========================================================================
Received Prepare
Registering precompiled user dll's ...
Registered in 0.003870 seconds.
Begin MonoManager ReloadAssembly
Native extension for WindowsStandalone target not found
Refreshing native plugins compatible for Editor in 1.06 ms, found 1 plugins.
Preloading 0 native plugins for Editor in 0.00 ms.
Mono: successfully reloaded assembly
- Completed reload, in  1.725 seconds
Platform modules already initialized, skipping
Shader 'Universal Render Pipeline/Particles/Lit': fallback shader 'Universal Render Pipeline/Particles/SimpleLit' not found
Refreshing native plugins compatible for Editor in 0.74 ms, found 1 plugins.
Preloading 0 native plugins for Editor in 0.00 ms.
Unloading 3039 Unused Serialized files (Serialized files now loaded: 0)
System memory in use before: 135.7 MB.
System memory in use after: 135.8 MB.

Unloading 14 unused Assets to reduce memory usage. Loaded Objects now: 3678.
Total: 3.928200 ms (FindLiveObjects: 0.450200 ms CreateObjectMapping: 0.195700 ms MarkObjects: 3.104900 ms  DeleteObjects: 0.175600 ms)

========================================================================
Received Import Request.
  Time since last request: 490.748656 seconds.
  path: Assets/scripts/Cutscenes
  artifactKey: Guid(e283aa039c6449a4f9cd38d712b4f547) Importer(815301076,1909f56bfc062723c751e8b465ee728b)
Start importing Assets/scripts/Cutscenes using Guid(e283aa039c6449a4f9cd38d712b4f547) Importer(815301076,1909f56bfc062723c751e8b465ee728b)  -> (artifact id: '358e0f8c92d47ddb115d25cd2075d064') in 0.017710 seconds
  Import took 0.029517 seconds .

========================================================================
Received Import Request.
  Time since last request: 9.260805 seconds.
  path: Assets/scripts/Cutscenes/SceneTransOnTrigger.cs
  artifactKey: Guid(b52c747fefd626c41bc73230ea6ce2ff) Importer(815301076,1909f56bfc062723c751e8b465ee728b)
Start importing Assets/scripts/Cutscenes/SceneTransOnTrigger.cs using Guid(b52c747fefd626c41bc73230ea6ce2ff) Importer(815301076,1909f56bfc062723c751e8b465ee728b)  -> (artifact id: '9b1b471598f5ac8c61c511fdbe245901') in 0.027118 seconds
  Import took 0.037635 seconds .

========================================================================
Received Prepare
Registering precompiled user dll's ...
Registered in 0.006160 seconds.
Begin MonoManager ReloadAssembly
Native extension for WindowsStandalone target not found
Refreshing native plugins compatible for Editor in 1.51 ms, found 1 plugins.
Preloading 0 native plugins for Editor in 0.00 ms.
Mono: successfully reloaded assembly
- Completed reload, in  3.629 seconds
Platform modules already initialized, skipping
Shader 'Universal Render Pipeline/Particles/Lit': fallback shader 'Universal Render Pipeline/Particles/SimpleLit' not found
Refreshing native plugins compatible for Editor in 1.14 ms, found 1 plugins.
Preloading 0 native plugins for Editor in 0.00 ms.
Unloading 3040 Unused Serialized files (Serialized files now loaded: 0)
System memory in use before: 135.8 MB.
System memory in use after: 135.9 MB.

Unloading 14 unused Assets to reduce memory usage. Loaded Objects now: 3683.
Total: 8.762800 ms (FindLiveObjects: 0.956700 ms CreateObjectMapping: 0.624200 ms MarkObjects: 6.972600 ms  DeleteObjects: 0.206200 ms)

========================================================================
Received Prepare
Registering precompiled user dll's ...
Registered in 0.002980 seconds.
Begin MonoManager ReloadAssembly
Native extension for WindowsStandalone target not found
Refreshing native plugins compatible for Editor in 0.70 ms, found 1 plugins.
Preloading 0 native plugins for Editor in 0.00 ms.
Mono: successfully reloaded assembly
- Completed reload, in  1.882 seconds
Platform modules already initialized, skipping
Shader 'Universal Render Pipeline/Particles/Lit': fallback shader 'Universal Render Pipeline/Particles/SimpleLit' not found
Refreshing native plugins compatible for Editor in 0.68 ms, found 1 plugins.
Preloading 0 native plugins for Editor in 0.00 ms.
Unloading 3040 Unused Serialized files (Serialized files now loaded: 0)
System memory in use before: 135.8 MB.
System memory in use after: 135.9 MB.

Unloading 14 unused Assets to reduce memory usage. Loaded Objects now: 3687.
Total: 3.578700 ms (FindLiveObjects: 0.390700 ms CreateObjectMapping: 0.246300 ms MarkObjects: 2.777300 ms  DeleteObjects: 0.162800 ms)

========================================================================
Received Import Request.
  Time since last request: 124.390134 seconds.
  path: Assets/scripts/Cutscenes/SceneTransOnTrigger.cs
  artifactKey: Guid(b52c747fefd626c41bc73230ea6ce2ff) Importer(815301076,1909f56bfc062723c751e8b465ee728b)
Start importing Assets/scripts/Cutscenes/SceneTransOnTrigger.cs using Guid(b52c747fefd626c41bc73230ea6ce2ff) Importer(815301076,1909f56bfc062723c751e8b465ee728b)  -> (artifact id: '3f276f9b23e3ad17bc3a870afbebcd42') in 0.008230 seconds
  Import took 0.016915 seconds .

========================================================================
Received Prepare
Registering precompiled user dll's ...
Registered in 0.003531 seconds.
Begin MonoManager ReloadAssembly
Native extension for WindowsStandalone target not found
Refreshing native plugins compatible for Editor in 0.90 ms, found 1 plugins.
Preloading 0 native plugins for Editor in 0.00 ms.
Mono: successfully reloaded assembly
- Completed reload, in  1.947 seconds
Platform modules already initialized, skipping
Shader 'Universal Render Pipeline/Particles/Lit': fallback shader 'Universal Render Pipeline/Particles/SimpleLit' not found
Refreshing native plugins compatible for Editor in 1.05 ms, found 1 plugins.
Preloading 0 native plugins for Editor in 0.00 ms.
Unloading 3040 Unused Serialized files (Serialized files now loaded: 0)
System memory in use before: 135.8 MB.
System memory in use after: 135.9 MB.

Unloading 14 unused Assets to reduce memory usage. Loaded Objects now: 3691.
Total: 6.826600 ms (FindLiveObjects: 0.677300 ms CreateObjectMapping: 0.385300 ms MarkObjects: 5.543900 ms  DeleteObjects: 0.217800 ms)

========================================================================
Received Prepare
Registering precompiled user dll's ...
Registered in 0.005907 seconds.
Begin MonoManager ReloadAssembly
Native extension for WindowsStandalone target not found
Refreshing native plugins compatible for Editor in 0.93 ms, found 1 plugins.
Preloading 0 native plugins for Editor in 0.00 ms.
Mono: successfully reloaded assembly
- Completed reload, in  1.957 seconds
Platform modules already initialized, skipping
Shader 'Universal Render Pipeline/Particles/Lit': fallback shader 'Universal Render Pipeline/Particles/SimpleLit' not found
Refreshing native plugins compatible for Editor in 0.80 ms, found 1 plugins.
Preloading 0 native plugins for Editor in 0.00 ms.
Unloading 3040 Unused Serialized files (Serialized files now loaded: 0)
System memory in use before: 135.8 MB.
System memory in use after: 135.9 MB.

Unloading 14 unused Assets to reduce memory usage. Loaded Objects now: 3695.
Total: 4.665800 ms (FindLiveObjects: 0.488900 ms CreateObjectMapping: 0.305500 ms MarkObjects: 3.695700 ms  DeleteObjects: 0.174200 ms)

========================================================================
Received Import Request.
  Time since last request: 91.382539 seconds.
  path: Assets/Scenes/EndCinematic.unity
  artifactKey: Guid(7a348d72b7666c0408a42af07468de32) Importer(815301076,1909f56bfc062723c751e8b465ee728b)
Start importing Assets/Scenes/EndCinematic.unity using Guid(7a348d72b7666c0408a42af07468de32) Importer(815301076,1909f56bfc062723c751e8b465ee728b)  -> (artifact id: '6d70bb7ed92784de8d46fd2373d68417') in 0.037915 seconds
  Import took 0.053607 seconds .

========================================================================
Received Prepare
Registering precompiled user dll's ...
Registered in 0.003952 seconds.
Begin MonoManager ReloadAssembly
Native extension for WindowsStandalone target not found
Refreshing native plugins compatible for Editor in 1.54 ms, found 1 plugins.
Preloading 0 native plugins for Editor in 0.00 ms.
Mono: successfully reloaded assembly
- Completed reload, in  1.935 seconds
Platform modules already initialized, skipping
Shader 'Universal Render Pipeline/Particles/Lit': fallback shader 'Universal Render Pipeline/Particles/SimpleLit' not found
Refreshing native plugins compatible for Editor in 0.78 ms, found 1 plugins.
Preloading 0 native plugins for Editor in 0.00 ms.
Unloading 3040 Unused Serialized files (Serialized files now loaded: 0)
System memory in use before: 135.8 MB.
System memory in use after: 135.9 MB.

Unloading 14 unused Assets to reduce memory usage. Loaded Objects now: 3699.
Total: 4.270000 ms (FindLiveObjects: 0.632500 ms CreateObjectMapping: 0.283700 ms MarkObjects: 3.186800 ms  DeleteObjects: 0.165300 ms)

========================================================================
Received Prepare
Registering precompiled user dll's ...
Registered in 0.003847 seconds.
Begin MonoManager ReloadAssembly
Native extension for WindowsStandalone target not found
Refreshing native plugins compatible for Editor in 1.31 ms, found 1 plugins.
Preloading 0 native plugins for Editor in 0.00 ms.
Mono: successfully reloaded assembly
- Completed reload, in  2.091 seconds
Platform modules already initialized, skipping
Shader 'Universal Render Pipeline/Particles/Lit': fallback shader 'Universal Render Pipeline/Particles/SimpleLit' not found
Refreshing native plugins compatible for Editor in 1.58 ms, found 1 plugins.
Preloading 0 native plugins for Editor in 0.00 ms.
Unloading 3040 Unused Serialized files (Serialized files now loaded: 0)
System memory in use before: 135.8 MB.
System memory in use after: 135.9 MB.

Unloading 14 unused Assets to reduce memory usage. Loaded Objects now: 3703.
Total: 4.817500 ms (FindLiveObjects: 0.679600 ms CreateObjectMapping: 0.352000 ms MarkObjects: 3.584600 ms  DeleteObjects: 0.198900 ms)

========================================================================
Received Prepare
Registering precompiled user dll's ...
Registered in 0.003529 seconds.
Begin MonoManager ReloadAssembly
Native extension for WindowsStandalone target not found
Refreshing native plugins compatible for Editor in 1.14 ms, found 1 plugins.
Preloading 0 native plugins for Editor in 0.00 ms.
Mono: successfully reloaded assembly
- Completed reload, in  2.363 seconds
Platform modules already initialized, skipping
Shader 'Universal Render Pipeline/Particles/Lit': fallback shader 'Universal Render Pipeline/Particles/SimpleLit' not found
Refreshing native plugins compatible for Editor in 0.83 ms, found 1 plugins.
Preloading 0 native plugins for Editor in 0.00 ms.
Unloading 3040 Unused Serialized files (Serialized files now loaded: 0)
System memory in use before: 135.8 MB.
System memory in use after: 135.9 MB.

Unloading 14 unused Assets to reduce memory usage. Loaded Objects now: 3707.
Total: 8.579200 ms (FindLiveObjects: 0.674700 ms CreateObjectMapping: 0.287300 ms MarkObjects: 7.383600 ms  DeleteObjects: 0.231200 ms)

========================================================================
Received Import Request.
  Time since last request: 198.430616 seconds.
  path: Assets/scripts/Astroids
  artifactKey: Guid(13b59108d4ab00d4790adf94e14c376e) Importer(815301076,1909f56bfc062723c751e8b465ee728b)
Start importing Assets/scripts/Astroids using Guid(13b59108d4ab00d4790adf94e14c376e) Importer(815301076,1909f56bfc062723c751e8b465ee728b)  -> (artifact id: '2f8ea3ea8b6d23879b7d1ce6799675b6') in 0.031281 seconds
  Import took 0.040140 seconds .

========================================================================
Received Prepare
Registering precompiled user dll's ...
Registered in 0.003279 seconds.
Begin MonoManager ReloadAssembly
Native extension for WindowsStandalone target not found
Refreshing native plugins compatible for Editor in 0.85 ms, found 1 plugins.
Preloading 0 native plugins for Editor in 0.00 ms.
Mono: successfully reloaded assembly
- Completed reload, in  1.989 seconds
Platform modules already initialized, skipping
Shader 'Universal Render Pipeline/Particles/Lit': fallback shader 'Universal Render Pipeline/Particles/SimpleLit' not found
Refreshing native plugins compatible for Editor in 0.72 ms, found 1 plugins.
Preloading 0 native plugins for Editor in 0.00 ms.
Unloading 3040 Unused Serialized files (Serialized files now loaded: 0)
System memory in use before: 135.8 MB.
System memory in use after: 135.9 MB.

Unloading 14 unused Assets to reduce memory usage. Loaded Objects now: 3711.
Total: 4.341300 ms (FindLiveObjects: 0.490700 ms CreateObjectMapping: 0.259500 ms MarkObjects: 3.417400 ms  DeleteObjects: 0.171300 ms)

========================================================================
Received Import Request.
  Time since last request: 53.399501 seconds.
  path: Assets/scripts/Main menu/MainMenuScript.cs
  artifactKey: Guid(3a7cb1ca723f5ca43935bc1d087e4bcf) Importer(815301076,1909f56bfc062723c751e8b465ee728b)
Start importing Assets/scripts/Main menu/MainMenuScript.cs using Guid(3a7cb1ca723f5ca43935bc1d087e4bcf) Importer(815301076,1909f56bfc062723c751e8b465ee728b)  -> (artifact id: 'c9c00cc6c4cfb89720228379925460e6') in 0.015797 seconds
  Import took 0.025805 seconds .

========================================================================
Received Import Request.
  Time since last request: 23.297234 seconds.
  path: Assets/Scenes/EndCinematic.unity
  artifactKey: Guid(7a348d72b7666c0408a42af07468de32) Importer(815301076,1909f56bfc062723c751e8b465ee728b)
Start importing Assets/Scenes/EndCinematic.unity using Guid(7a348d72b7666c0408a42af07468de32) Importer(815301076,1909f56bfc062723c751e8b465ee728b)  -> (artifact id: 'd28563b035e8ed069d3365b485219ef0') in 0.021499 seconds
  Import took 0.032588 seconds .

========================================================================
Received Prepare
Registering precompiled user dll's ...
Registered in 0.003197 seconds.
Begin MonoManager ReloadAssembly
Native extension for WindowsStandalone target not found
Refreshing native plugins compatible for Editor in 0.73 ms, found 1 plugins.
Preloading 0 native plugins for Editor in 0.00 ms.
Mono: successfully reloaded assembly
- Completed reload, in  1.722 seconds
Platform modules already initialized, skipping
Shader 'Universal Render Pipeline/Particles/Lit': fallback shader 'Universal Render Pipeline/Particles/SimpleLit' not found
Refreshing native plugins compatible for Editor in 1.05 ms, found 1 plugins.
Preloading 0 native plugins for Editor in 0.00 ms.
Unloading 3040 Unused Serialized files (Serialized files now loaded: 0)
System memory in use before: 135.9 MB.
System memory in use after: 136.0 MB.

Unloading 14 unused Assets to reduce memory usage. Loaded Objects now: 3715.
Total: 3.730600 ms (FindLiveObjects: 0.435600 ms CreateObjectMapping: 0.241400 ms MarkObjects: 2.883000 ms  DeleteObjects: 0.168800 ms)

========================================================================
Received Import Request.
  Time since last request: 43.264189 seconds.
  path: Assets/Scenes/End Screen.unity
  artifactKey: Guid(9a27980ba47d8574cacd48994ccda201) Importer(815301076,1909f56bfc062723c751e8b465ee728b)
Start importing Assets/Scenes/End Screen.unity using Guid(9a27980ba47d8574cacd48994ccda201) Importer(815301076,1909f56bfc062723c751e8b465ee728b)  -> (artifact id: 'c8e6790755a8e55e981cc08a53021067') in 0.032514 seconds
  Import took 0.042270 seconds .

========================================================================
Received Import Request.
  Time since last request: 4.372261 seconds.
  path: Assets/Scenes/MainMenu.unity
  artifactKey: Guid(2cda990e2423bbf4892e6590ba056729) Importer(815301076,1909f56bfc062723c751e8b465ee728b)
Start importing Assets/Scenes/MainMenu.unity using Guid(2cda990e2423bbf4892e6590ba056729) Importer(815301076,1909f56bfc062723c751e8b465ee728b)  -> (artifact id: '60f08e1a6c94de01363df7a836120eb7') in 0.011476 seconds
  Import took 0.019790 seconds .

========================================================================
Received Prepare
Registering precompiled user dll's ...
Registered in 0.003514 seconds.
Begin MonoManager ReloadAssembly
Native extension for WindowsStandalone target not found
Refreshing native plugins compatible for Editor in 0.74 ms, found 1 plugins.
Preloading 0 native plugins for Editor in 0.00 ms.
Mono: successfully reloaded assembly
- Completed reload, in  2.166 seconds
Platform modules already initialized, skipping
Shader 'Universal Render Pipeline/Particles/Lit': fallback shader 'Universal Render Pipeline/Particles/SimpleLit' not found
Refreshing native plugins compatible for Editor in 0.78 ms, found 1 plugins.
Preloading 0 native plugins for Editor in 0.00 ms.
Unloading 3040 Unused Serialized files (Serialized files now loaded: 0)
System memory in use before: 135.9 MB.
System memory in use after: 136.0 MB.

Unloading 14 unused Assets to reduce memory usage. Loaded Objects now: 3719.
Total: 4.650100 ms (FindLiveObjects: 0.504800 ms CreateObjectMapping: 0.251100 ms MarkObjects: 3.694100 ms  DeleteObjects: 0.198500 ms)

========================================================================
Received Prepare
Registering precompiled user dll's ...
Registered in 0.004220 seconds.
Begin MonoManager ReloadAssembly
Native extension for WindowsStandalone target not found
Refreshing native plugins compatible for Editor in 0.69 ms, found 1 plugins.
Preloading 0 native plugins for Editor in 0.00 ms.
Mono: successfully reloaded assembly
- Completed reload, in  1.926 seconds
Platform modules already initialized, skipping
Shader 'Universal Render Pipeline/Particles/Lit': fallback shader 'Universal Render Pipeline/Particles/SimpleLit' not found
Refreshing native plugins compatible for Editor in 0.93 ms, found 1 plugins.
Preloading 0 native plugins for Editor in 0.00 ms.
Unloading 3040 Unused Serialized files (Serialized files now loaded: 0)
System memory in use before: 135.9 MB.
System memory in use after: 136.0 MB.

Unloading 14 unused Assets to reduce memory usage. Loaded Objects now: 3723.
Total: 6.928400 ms (FindLiveObjects: 0.903300 ms CreateObjectMapping: 0.494200 ms MarkObjects: 5.326900 ms  DeleteObjects: 0.201900 ms)

========================================================================
Received Prepare
Registering precompiled user dll's ...
Registered in 0.004698 seconds.
Begin MonoManager ReloadAssembly
Native extension for WindowsStandalone target not found
Refreshing native plugins compatible for Editor in 0.73 ms, found 1 plugins.
Preloading 0 native plugins for Editor in 0.00 ms.
Mono: successfully reloaded assembly
- Completed reload, in  1.720 seconds
Platform modules already initialized, skipping
Shader 'Universal Render Pipeline/Particles/Lit': fallback shader 'Universal Render Pipeline/Particles/SimpleLit' not found
Refreshing native plugins compatible for Editor in 0.84 ms, found 1 plugins.
Preloading 0 native plugins for Editor in 0.00 ms.
Unloading 3040 Unused Serialized files (Serialized files now loaded: 0)
System memory in use before: 135.9 MB.
System memory in use after: 136.0 MB.

Unloading 14 unused Assets to reduce memory usage. Loaded Objects now: 3727.
Total: 5.775200 ms (FindLiveObjects: 0.753200 ms CreateObjectMapping: 0.331800 ms MarkObjects: 4.485000 ms  DeleteObjects: 0.201900 ms)

AssetImportWorkerClient::OnTransportError - code=2 error=End of file
